--------------------------------------------------------------------------------
[Jan 19, 2026 7:38:49.7 AM GMT:ERROR:creative_new_tab_page_ads_util.cc(158)] Successfully saved creative new tab page ads
[Jan 19, 2026 7:38:49.7 AM GMT:ERROR:creative_new_tab_page_ads_util.cc(143)] Successfully saved creative set conversions
--------------------------------------------------------------------------------
[Jan 19, 2026 8:28:00.9 AM GMT:ERROR:creative_new_tab_page_ads_util.cc(158)] Successfully saved creative new tab page ads
[Jan 19, 2026 8:28:00.9 AM GMT:ERROR:creative_new_tab_page_ads_util.cc(143)] Successfully saved creative set conversions
--------------------------------------------------------------------------------
[Jan 19, 2026 8:35:19.7 AM GMT:ERROR:creative_new_tab_page_ads_util.cc(158)] Successfully saved creative new tab page ads
[Jan 19, 2026 8:35:19.7 AM GMT:ERROR:creative_new_tab_page_ads_util.cc(143)] Successfully saved creative set conversions
--------------------------------------------------------------------------------
[Jan 19, 2026 9:32:23.2 AM GMT:ERROR:creative_new_tab_page_ads_util.cc(158)] Successfully saved creative new tab page ads
[Jan 19, 2026 9:32:23.2 AM GMT:ERROR:creative_new_tab_page_ads_util.cc(143)] Successfully saved creative set conversions
--------------------------------------------------------------------------------
[Jan 19, 2026 9:36:26.6 AM GMT:ERROR:creative_new_tab_page_ads_util.cc(158)] Successfully saved creative new tab page ads
[Jan 19, 2026 9:36:26.6 AM GMT:ERROR:creative_new_tab_page_ads_util.cc(143)] Successfully saved creative set conversions
--------------------------------------------------------------------------------
[Jan 19, 2026 9:41:02.1 AM GMT:ERROR:creative_new_tab_page_ads_util.cc(158)] Successfully saved creative new tab page ads
[Jan 19, 2026 9:41:02.1 AM GMT:ERROR:creative_new_tab_page_ads_util.cc(143)] Successfully saved creative set conversions
--------------------------------------------------------------------------------
[Jan 19, 2026 9:47:56.8 AM GMT:ERROR:creative_new_tab_page_ads_util.cc(158)] Successfully saved creative new tab page ads
[Jan 19, 2026 9:47:56.8 AM GMT:ERROR:creative_new_tab_page_ads_util.cc(143)] Successfully saved creative set conversions
--------------------------------------------------------------------------------
[Jan 19, 2026 9:48:44.0 AM GMT:ERROR:creative_new_tab_page_ads_util.cc(158)] Successfully saved creative new tab page ads
[Jan 19, 2026 9:48:44.0 AM GMT:ERROR:creative_new_tab_page_ads_util.cc(143)] Successfully saved creative set conversions
--------------------------------------------------------------------------------
[Jan 19, 2026 10:08:04.4 AM GMT:ERROR:creative_new_tab_page_ads_util.cc(158)] Successfully saved creative new tab page ads
[Jan 19, 2026 10:08:04.4 AM GMT:ERROR:creative_new_tab_page_ads_util.cc(143)] Successfully saved creative set conversions
--------------------------------------------------------------------------------
[Jan 19, 2026 7:32:58.9 PM GMT:ERROR:creative_new_tab_page_ads_util.cc(158)] Successfully saved creative new tab page ads
[Jan 19, 2026 7:32:58.9 PM GMT:ERROR:creative_new_tab_page_ads_util.cc(143)] Successfully saved creative set conversions
--------------------------------------------------------------------------------
[Jan 19, 2026 7:47:08.6 PM GMT:ERROR:creative_new_tab_page_ads_util.cc(158)] Successfully saved creative new tab page ads
[Jan 19, 2026 7:47:08.6 PM GMT:ERROR:creative_new_tab_page_ads_util.cc(143)] Successfully saved creative set conversions
[Jan 19, 2026 10:17:09.3 PM GMT:ERROR:creative_new_tab_page_ads_util.cc(158)] Successfully saved creative new tab page ads
[Jan 19, 2026 10:17:09.3 PM GMT:ERROR:creative_new_tab_page_ads_util.cc(143)] Successfully saved creative set conversions
--------------------------------------------------------------------------------
[Jan 20, 2026 12:23:37.4 AM GMT:ERROR:creative_new_tab_page_ads_util.cc(158)] Successfully saved creative new tab page ads
[Jan 20, 2026 12:23:37.4 AM GMT:ERROR:creative_new_tab_page_ads_util.cc(143)] Successfully saved creative set conversions
--------------------------------------------------------------------------------
[Jan 20, 2026 12:29:30.2 AM GMT:ERROR:creative_new_tab_page_ads_util.cc(158)] Successfully saved creative new tab page ads
[Jan 20, 2026 12:29:30.2 AM GMT:ERROR:creative_new_tab_page_ads_util.cc(143)] Successfully saved creative set conversions
--------------------------------------------------------------------------------
[Jan 20, 2026 1:27:48.7 AM GMT:ERROR:creative_new_tab_page_ads_util.cc(158)] Successfully saved creative new tab page ads
[Jan 20, 2026 1:27:48.7 AM GMT:ERROR:creative_new_tab_page_ads_util.cc(143)] Successfully saved creative set conversions
--------------------------------------------------------------------------------
[Jan 20, 2026 1:31:20.0 AM GMT:ERROR:creative_new_tab_page_ads_util.cc(158)] Successfully saved creative new tab page ads
[Jan 20, 2026 1:31:20.0 AM GMT:ERROR:creative_new_tab_page_ads_util.cc(143)] Successfully saved creative set conversions
--------------------------------------------------------------------------------
[Jan 20, 2026 1:34:51.9 AM GMT:ERROR:creative_new_tab_page_ads_util.cc(158)] Successfully saved creative new tab page ads
[Jan 20, 2026 1:34:51.9 AM GMT:ERROR:creative_new_tab_page_ads_util.cc(143)] Successfully saved creative set conversions
[Jan 20, 2026 1:38:49.4 AM GMT:ERROR:search_result_ad_event_handler.cc(238)] Failed to fire search result ad kServedImpression event for placement_id 291fcc4c-298a-4d7b-9a7f-be297b15ff73 and creative instance id b09c08cf-3f80-4a1b-b7b9-f9fba9de7754
--------------------------------------------------------------------------------
[Jan 20, 2026 1:42:31.5 AM GMT:ERROR:creative_new_tab_page_ads_util.cc(158)] Successfully saved creative new tab page ads
[Jan 20, 2026 1:42:31.5 AM GMT:ERROR:creative_new_tab_page_ads_util.cc(143)] Successfully saved creative set conversions
--------------------------------------------------------------------------------
[Jan 20, 2026 2:34:31.9 AM GMT:ERROR:creative_new_tab_page_ads_util.cc(158)] Successfully saved creative new tab page ads
[Jan 20, 2026 2:34:31.9 AM GMT:ERROR:creative_new_tab_page_ads_util.cc(143)] Successfully saved creative set conversions
--------------------------------------------------------------------------------
[Jan 20, 2026 5:08:21.1 AM GMT:ERROR:creative_new_tab_page_ads_util.cc(158)] Successfully saved creative new tab page ads
[Jan 20, 2026 5:08:21.2 AM GMT:ERROR:creative_new_tab_page_ads_util.cc(143)] Successfully saved creative set conversions
[Jan 20, 2026 5:08:28.7 AM GMT:ERROR:creative_new_tab_page_ads_util.cc(158)] Successfully saved creative new tab page ads
[Jan 20, 2026 5:08:28.7 AM GMT:ERROR:creative_new_tab_page_ads_util.cc(143)] Successfully saved creative set conversions
--------------------------------------------------------------------------------
[Jan 20, 2026 6:52:36.2 AM GMT:ERROR:creative_new_tab_page_ads_util.cc(158)] Successfully saved creative new tab page ads
[Jan 20, 2026 6:52:36.2 AM GMT:ERROR:creative_new_tab_page_ads_util.cc(143)] Successfully saved creative set conversions
--------------------------------------------------------------------------------
[Jan 21, 2026 4:46:40.6 AM GMT:ERROR:creative_new_tab_page_ads_util.cc(158)] Successfully saved creative new tab page ads
[Jan 21, 2026 4:46:40.6 AM GMT:ERROR:creative_new_tab_page_ads_util.cc(143)] Successfully saved creative set conversions
[Jan 21, 2026 4:46:47.0 AM GMT:ERROR:creative_new_tab_page_ads_util.cc(158)] Successfully saved creative new tab page ads
[Jan 21, 2026 4:46:47.0 AM GMT:ERROR:creative_new_tab_page_ads_util.cc(143)] Successfully saved creative set conversions
--------------------------------------------------------------------------------
[Jan 21, 2026 6:19:57.2 AM GMT:ERROR:creative_new_tab_page_ads_util.cc(158)] Successfully saved creative new tab page ads
[Jan 21, 2026 6:19:57.2 AM GMT:ERROR:creative_new_tab_page_ads_util.cc(143)] Successfully saved creative set conversions
--------------------------------------------------------------------------------
[Jan 21, 2026 7:04:54.0 AM GMT:ERROR:creative_new_tab_page_ads_util.cc(158)] Successfully saved creative new tab page ads
[Jan 21, 2026 7:04:54.0 AM GMT:ERROR:creative_new_tab_page_ads_util.cc(143)] Successfully saved creative set conversions
--------------------------------------------------------------------------------
[Jan 21, 2026 9:06:14.0 PM GMT:ERROR:creative_new_tab_page_ads_util.cc(158)] Successfully saved creative new tab page ads
[Jan 21, 2026 9:06:14.0 PM GMT:ERROR:creative_new_tab_page_ads_util.cc(143)] Successfully saved creative set conversions
--------------------------------------------------------------------------------
[Jan 22, 2026 1:44:27.8 AM GMT:ERROR:creative_new_tab_page_ads_util.cc(158)] Successfully saved creative new tab page ads
[Jan 22, 2026 1:44:27.8 AM GMT:ERROR:creative_new_tab_page_ads_util.cc(143)] Successfully saved creative set conversions
--------------------------------------------------------------------------------
[Jan 22, 2026 1:44:30.8 AM GMT:ERROR:creative_new_tab_page_ads_util.cc(158)] Successfully saved creative new tab page ads
[Jan 22, 2026 1:44:30.8 AM GMT:ERROR:creative_new_tab_page_ads_util.cc(143)] Successfully saved creative set conversions
--------------------------------------------------------------------------------
[Jan 22, 2026 8:31:15.3 PM GMT:ERROR:creative_new_tab_page_ads_util.cc(158)] Successfully saved creative new tab page ads
[Jan 22, 2026 8:31:15.3 PM GMT:ERROR:creative_new_tab_page_ads_util.cc(143)] Successfully saved creative set conversions
[Jan 22, 2026 8:31:18.1 PM GMT:ERROR:creative_new_tab_page_ads_util.cc(158)] Successfully saved creative new tab page ads
[Jan 22, 2026 8:31:18.1 PM GMT:ERROR:creative_new_tab_page_ads_util.cc(143)] Successfully saved creative set conversions
--------------------------------------------------------------------------------
[Jan 23, 2026 8:34:12.5 PM GMT:ERROR:creative_new_tab_page_ads_util.cc(158)] Successfully saved creative new tab page ads
[Jan 23, 2026 8:34:12.5 PM GMT:ERROR:creative_new_tab_page_ads_util.cc(143)] Successfully saved creative set conversions
[Jan 23, 2026 8:34:17.4 PM GMT:ERROR:creative_new_tab_page_ads_util.cc(158)] Successfully saved creative new tab page ads
[Jan 23, 2026 8:34:17.4 PM GMT:ERROR:creative_new_tab_page_ads_util.cc(143)] Successfully saved creative set conversions
--------------------------------------------------------------------------------
[Jan 23, 2026 9:46:25.0 PM GMT:ERROR:creative_new_tab_page_ads_util.cc(158)] Successfully saved creative new tab page ads
[Jan 23, 2026 9:46:25.0 PM GMT:ERROR:creative_new_tab_page_ads_util.cc(143)] Successfully saved creative set conversions
--------------------------------------------------------------------------------
[Jan 23, 2026 10:08:49.7 PM GMT:ERROR:creative_new_tab_page_ads_util.cc(158)] Successfully saved creative new tab page ads
[Jan 23, 2026 10:08:49.7 PM GMT:ERROR:creative_new_tab_page_ads_util.cc(143)] Successfully saved creative set conversions
--------------------------------------------------------------------------------
[Jan 23, 2026 10:38:20.1 PM GMT:ERROR:creative_new_tab_page_ads_util.cc(158)] Successfully saved creative new tab page ads
[Jan 23, 2026 10:38:20.1 PM GMT:ERROR:creative_new_tab_page_ads_util.cc(143)] Successfully saved creative set conversions
--------------------------------------------------------------------------------
[Jan 23, 2026 11:30:48.5 PM GMT:ERROR:creative_new_tab_page_ads_util.cc(158)] Successfully saved creative new tab page ads
[Jan 23, 2026 11:30:48.5 PM GMT:ERROR:creative_new_tab_page_ads_util.cc(143)] Successfully saved creative set conversions
--------------------------------------------------------------------------------
[Jan 23, 2026 11:40:23.6 PM GMT:ERROR:creative_new_tab_page_ads_util.cc(158)] Successfully saved creative new tab page ads
[Jan 23, 2026 11:40:23.6 PM GMT:ERROR:creative_new_tab_page_ads_util.cc(143)] Successfully saved creative set conversions
--------------------------------------------------------------------------------
[Jan 23, 2026 11:47:48.9 PM GMT:ERROR:creative_new_tab_page_ads_util.cc(158)] Successfully saved creative new tab page ads
[Jan 23, 2026 11:47:48.9 PM GMT:ERROR:creative_new_tab_page_ads_util.cc(143)] Successfully saved creative set conversions
--------------------------------------------------------------------------------
[Jan 24, 2026 12:08:48.1 AM GMT:ERROR:creative_new_tab_page_ads_util.cc(158)] Successfully saved creative new tab page ads
[Jan 24, 2026 12:08:48.1 AM GMT:ERROR:creative_new_tab_page_ads_util.cc(143)] Successfully saved creative set conversions
--------------------------------------------------------------------------------
[Jan 24, 2026 12:34:53.7 AM GMT:ERROR:creative_new_tab_page_ads_util.cc(158)] Successfully saved creative new tab page ads
[Jan 24, 2026 12:34:53.7 AM GMT:ERROR:creative_new_tab_page_ads_util.cc(143)] Successfully saved creative set conversions
--------------------------------------------------------------------------------
[Jan 24, 2026 2:58:20.6 PM GMT:ERROR:creative_new_tab_page_ads_util.cc(158)] Successfully saved creative new tab page ads
[Jan 24, 2026 2:58:20.6 PM GMT:ERROR:creative_new_tab_page_ads_util.cc(143)] Successfully saved creative set conversions
[Jan 24, 2026 2:58:24.5 PM GMT:ERROR:creative_new_tab_page_ads_util.cc(158)] Successfully saved creative new tab page ads
[Jan 24, 2026 2:58:24.5 PM GMT:ERROR:creative_new_tab_page_ads_util.cc(143)] Successfully saved creative set conversions
--------------------------------------------------------------------------------
[Jan 24, 2026 3:05:23.1 PM GMT:ERROR:creative_new_tab_page_ads_util.cc(158)] Successfully saved creative new tab page ads
[Jan 24, 2026 3:05:23.1 PM GMT:ERROR:creative_new_tab_page_ads_util.cc(143)] Successfully saved creative set conversions
--------------------------------------------------------------------------------
[Jan 24, 2026 4:38:35.0 PM GMT:ERROR:creative_new_tab_page_ads_util.cc(158)] Successfully saved creative new tab page ads
[Jan 24, 2026 4:38:35.0 PM GMT:ERROR:creative_new_tab_page_ads_util.cc(143)] Successfully saved creative set conversions
[Jan 24, 2026 5:29:02.3 PM GMT:ERROR:search_result_ad_event_handler.cc(238)] Failed to fire search result ad kServedImpression event for placement_id f059f0c8-5a67-46f8-a79a-fe5a0ef7c280 and creative instance id 30c2a9a4-3d0c-4740-9f85-4fff1b516e3e
--------------------------------------------------------------------------------
[Jan 24, 2026 5:54:28.7 PM GMT:ERROR:creative_new_tab_page_ads_util.cc(158)] Successfully saved creative new tab page ads
[Jan 24, 2026 5:54:28.7 PM GMT:ERROR:creative_new_tab_page_ads_util.cc(143)] Successfully saved creative set conversions
--------------------------------------------------------------------------------
[Jan 24, 2026 8:59:57.5 PM GMT:ERROR:creative_new_tab_page_ads_util.cc(158)] Successfully saved creative new tab page ads
[Jan 24, 2026 8:59:57.5 PM GMT:ERROR:creative_new_tab_page_ads_util.cc(143)] Successfully saved creative set conversions
--------------------------------------------------------------------------------
[Jan 24, 2026 9:08:48.0 PM GMT:ERROR:creative_new_tab_page_ads_util.cc(158)] Successfully saved creative new tab page ads
[Jan 24, 2026 9:08:48.0 PM GMT:ERROR:creative_new_tab_page_ads_util.cc(143)] Successfully saved creative set conversions
--------------------------------------------------------------------------------
[Jan 24, 2026 9:25:39.7 PM GMT:ERROR:creative_new_tab_page_ads_util.cc(158)] Successfully saved creative new tab page ads
[Jan 24, 2026 9:25:39.7 PM GMT:ERROR:creative_new_tab_page_ads_util.cc(143)] Successfully saved creative set conversions
--------------------------------------------------------------------------------
[Jan 24, 2026 9:42:28.0 PM GMT:ERROR:creative_new_tab_page_ads_util.cc(158)] Successfully saved creative new tab page ads
[Jan 24, 2026 9:42:28.0 PM GMT:ERROR:creative_new_tab_page_ads_util.cc(143)] Successfully saved creative set conversions
--------------------------------------------------------------------------------
[Jan 24, 2026 10:33:01.2 PM GMT:ERROR:creative_new_tab_page_ads_util.cc(158)] Successfully saved creative new tab page ads
[Jan 24, 2026 10:33:01.2 PM GMT:ERROR:creative_new_tab_page_ads_util.cc(143)] Successfully saved creative set conversions
--------------------------------------------------------------------------------
[Jan 24, 2026 10:34:03.3 PM GMT:ERROR:creative_new_tab_page_ads_util.cc(158)] Successfully saved creative new tab page ads
[Jan 24, 2026 10:34:03.3 PM GMT:ERROR:creative_new_tab_page_ads_util.cc(143)] Successfully saved creative set conversions
--------------------------------------------------------------------------------
[Jan 24, 2026 10:40:02.4 PM GMT:ERROR:creative_new_tab_page_ads_util.cc(158)] Successfully saved creative new tab page ads
[Jan 24, 2026 10:40:02.4 PM GMT:ERROR:creative_new_tab_page_ads_util.cc(143)] Successfully saved creative set conversions
--------------------------------------------------------------------------------
[Jan 24, 2026 10:57:38.4 PM GMT:ERROR:creative_new_tab_page_ads_util.cc(158)] Successfully saved creative new tab page ads
[Jan 24, 2026 10:57:38.4 PM GMT:ERROR:creative_new_tab_page_ads_util.cc(143)] Successfully saved creative set conversions
--------------------------------------------------------------------------------
[Jan 24, 2026 11:18:35.0 PM GMT:ERROR:creative_new_tab_page_ads_util.cc(158)] Successfully saved creative new tab page ads
[Jan 24, 2026 11:18:35.0 PM GMT:ERROR:creative_new_tab_page_ads_util.cc(143)] Successfully saved creative set conversions
--------------------------------------------------------------------------------
[Jan 25, 2026 12:26:19.5 AM GMT:ERROR:creative_new_tab_page_ads_util.cc(158)] Successfully saved creative new tab page ads
[Jan 25, 2026 12:26:19.5 AM GMT:ERROR:creative_new_tab_page_ads_util.cc(143)] Successfully saved creative set conversions
--------------------------------------------------------------------------------
[Jan 25, 2026 12:29:43.3 AM GMT:ERROR:creative_new_tab_page_ads_util.cc(158)] Successfully saved creative new tab page ads
[Jan 25, 2026 12:29:43.3 AM GMT:ERROR:creative_new_tab_page_ads_util.cc(143)] Successfully saved creative set conversions
--------------------------------------------------------------------------------
[Jan 25, 2026 12:33:12.5 AM GMT:ERROR:creative_new_tab_page_ads_util.cc(158)] Successfully saved creative new tab page ads
[Jan 25, 2026 12:33:12.5 AM GMT:ERROR:creative_new_tab_page_ads_util.cc(143)] Successfully saved creative set conversions
--------------------------------------------------------------------------------
[Jan 25, 2026 12:35:36.1 AM GMT:ERROR:creative_new_tab_page_ads_util.cc(158)] Successfully saved creative new tab page ads
[Jan 25, 2026 12:35:36.1 AM GMT:ERROR:creative_new_tab_page_ads_util.cc(143)] Successfully saved creative set conversions
--------------------------------------------------------------------------------
[Jan 25, 2026 1:28:11.5 AM GMT:ERROR:creative_new_tab_page_ads_util.cc(158)] Successfully saved creative new tab page ads
[Jan 25, 2026 1:28:11.5 AM GMT:ERROR:creative_new_tab_page_ads_util.cc(143)] Successfully saved creative set conversions
--------------------------------------------------------------------------------
[Jan 25, 2026 1:29:38.9 AM GMT:ERROR:creative_new_tab_page_ads_util.cc(158)] Successfully saved creative new tab page ads
[Jan 25, 2026 1:29:38.9 AM GMT:ERROR:creative_new_tab_page_ads_util.cc(143)] Successfully saved creative set conversions
[Jan 25, 2026 4:29:39.4 AM GMT:ERROR:creative_new_tab_page_ads_util.cc(158)] Successfully saved creative new tab page ads
[Jan 25, 2026 4:29:39.4 AM GMT:ERROR:creative_new_tab_page_ads_util.cc(143)] Successfully saved creative set conversions
--------------------------------------------------------------------------------
[Jan 25, 2026 6:25:47.3 PM GMT:ERROR:creative_new_tab_page_ads_util.cc(158)] Successfully saved creative new tab page ads
[Jan 25, 2026 6:25:47.3 PM GMT:ERROR:creative_new_tab_page_ads_util.cc(143)] Successfully saved creative set conversions
--------------------------------------------------------------------------------
[Jan 25, 2026 8:17:29.6 PM GMT:ERROR:creative_new_tab_page_ads_util.cc(158)] Successfully saved creative new tab page ads
[Jan 25, 2026 8:17:29.6 PM GMT:ERROR:creative_new_tab_page_ads_util.cc(143)] Successfully saved creative set conversions
[Jan 25, 2026 8:31:57.5 PM GMT:ERROR:search_result_ad_event_handler.cc(238)] Failed to fire search result ad kServedImpression event for placement_id 1af78efe-77ba-4a17-9cc8-f2b38b645420 and creative instance id 30c2a9a4-3d0c-4740-9f85-4fff1b516e3e
[Jan 25, 2026 10:02:04.5 PM GMT:ERROR:search_result_ad_event_handler.cc(238)] Failed to fire search result ad kServedImpression event for placement_id 95523e52-6a36-49d0-95b8-5fdb67d23444 and creative instance id 30c2a9a4-3d0c-4740-9f85-4fff1b516e3e
[Jan 25, 2026 10:36:53.7 PM GMT:ERROR:search_result_ad_event_handler.cc(238)] Failed to fire search result ad kServedImpression event for placement_id e414bfa9-b3ae-4d53-a201-b9c479909de7 and creative instance id e0d9ffc6-2337-45ab-a64d-1d59d1bc7875
[Jan 25, 2026 11:04:34.4 PM GMT:ERROR:search_result_ad_event_handler.cc(238)] Failed to fire search result ad kServedImpression event for placement_id 1e4a7a7c-1169-495d-8bc3-57921e596e52 and creative instance id 793d3452-ef79-4f05-b5d0-b42fb88e4730
[Jan 25, 2026 11:05:18.2 PM GMT:ERROR:search_result_ad_event_handler.cc(238)] Failed to fire search result ad kServedImpression event for placement_id 8d911996-f76d-427a-9602-d251230d393c and creative instance id 43d96ddf-25cb-4a72-b543-110ba9953bc5
[Jan 25, 2026 11:07:09.2 PM GMT:ERROR:search_result_ad_event_handler.cc(238)] Failed to fire search result ad kServedImpression event for placement_id ff28c0fd-0a87-4442-a0bb-8681d0067ee1 and creative instance id 10a71d4c-b788-4f4e-b56c-f5eb6b40c69b
--------------------------------------------------------------------------------
[Jan 26, 2026 12:28:27.0 AM GMT:ERROR:creative_new_tab_page_ads_util.cc(158)] Successfully saved creative new tab page ads
[Jan 26, 2026 12:28:27.0 AM GMT:ERROR:creative_new_tab_page_ads_util.cc(143)] Successfully saved creative set conversions
--------------------------------------------------------------------------------
[Jan 26, 2026 1:32:07.6 AM GMT:ERROR:creative_new_tab_page_ads_util.cc(158)] Successfully saved creative new tab page ads
[Jan 26, 2026 1:32:07.6 AM GMT:ERROR:creative_new_tab_page_ads_util.cc(143)] Successfully saved creative set conversions
--------------------------------------------------------------------------------
[Jan 25, 2026 9:42:11.4 PM GMT:ERROR:creative_new_tab_page_ads_util.cc(158)] Successfully saved creative new tab page ads
[Jan 25, 2026 9:42:11.4 PM GMT:ERROR:creative_new_tab_page_ads_util.cc(143)] Successfully saved creative set conversions
[Jan 25, 2026 9:42:19.2 PM GMT:ERROR:creative_new_tab_page_ads_util.cc(158)] Successfully saved creative new tab page ads
[Jan 25, 2026 9:42:19.2 PM GMT:ERROR:creative_new_tab_page_ads_util.cc(143)] Successfully saved creative set conversions
--------------------------------------------------------------------------------
[Jan 25, 2026 9:47:07.7 PM GMT:ERROR:creative_new_tab_page_ads_util.cc(158)] Successfully saved creative new tab page ads
[Jan 25, 2026 9:47:07.7 PM GMT:ERROR:creative_new_tab_page_ads_util.cc(143)] Successfully saved creative set conversions
--------------------------------------------------------------------------------
[Jan 26, 2026 1:55:37.0 AM GMT:ERROR:creative_new_tab_page_ads_util.cc(158)] Successfully saved creative new tab page ads
[Jan 26, 2026 1:55:37.0 AM GMT:ERROR:creative_new_tab_page_ads_util.cc(143)] Successfully saved creative set conversions
--------------------------------------------------------------------------------
[Jan 26, 2026 11:22:01.3 AM GMT:ERROR:creative_new_tab_page_ads_util.cc(158)] Successfully saved creative new tab page ads
[Jan 26, 2026 11:22:01.3 AM GMT:ERROR:creative_new_tab_page_ads_util.cc(143)] Successfully saved creative set conversions
--------------------------------------------------------------------------------
[Jan 26, 2026 11:39:08.2 AM GMT:ERROR:creative_new_tab_page_ads_util.cc(158)] Successfully saved creative new tab page ads
[Jan 26, 2026 11:39:08.2 AM GMT:ERROR:creative_new_tab_page_ads_util.cc(143)] Successfully saved creative set conversions
--------------------------------------------------------------------------------
[Jan 26, 2026 11:46:13.4 AM GMT:ERROR:creative_new_tab_page_ads_util.cc(158)] Successfully saved creative new tab page ads
[Jan 26, 2026 11:46:13.4 AM GMT:ERROR:creative_new_tab_page_ads_util.cc(143)] Successfully saved creative set conversions
--------------------------------------------------------------------------------
[Jan 26, 2026 8:34:53.3 PM GMT:ERROR:creative_new_tab_page_ads_util.cc(158)] Successfully saved creative new tab page ads
[Jan 26, 2026 8:34:53.3 PM GMT:ERROR:creative_new_tab_page_ads_util.cc(143)] Successfully saved creative set conversions
[Jan 26, 2026 8:34:56.2 PM GMT:ERROR:creative_new_tab_page_ads_util.cc(158)] Successfully saved creative new tab page ads
[Jan 26, 2026 8:34:56.2 PM GMT:ERROR:creative_new_tab_page_ads_util.cc(143)] Successfully saved creative set conversions
--------------------------------------------------------------------------------
[Jan 26, 2026 8:52:40.9 PM GMT:ERROR:creative_new_tab_page_ads_util.cc(158)] Successfully saved creative new tab page ads
[Jan 26, 2026 8:52:40.9 PM GMT:ERROR:creative_new_tab_page_ads_util.cc(143)] Successfully saved creative set conversions
--------------------------------------------------------------------------------
[Jan 26, 2026 9:07:11.9 PM GMT:ERROR:creative_new_tab_page_ads_util.cc(158)] Successfully saved creative new tab page ads
[Jan 26, 2026 9:07:11.9 PM GMT:ERROR:creative_new_tab_page_ads_util.cc(143)] Successfully saved creative set conversions
--------------------------------------------------------------------------------
[Jan 26, 2026 9:11:57.7 PM GMT:ERROR:creative_new_tab_page_ads_util.cc(158)] Successfully saved creative new tab page ads
[Jan 26, 2026 9:11:57.7 PM GMT:ERROR:creative_new_tab_page_ads_util.cc(143)] Successfully saved creative set conversions
--------------------------------------------------------------------------------
[Jan 26, 2026 9:13:46.1 PM GMT:ERROR:creative_new_tab_page_ads_util.cc(158)] Successfully saved creative new tab page ads
[Jan 26, 2026 9:13:46.1 PM GMT:ERROR:creative_new_tab_page_ads_util.cc(143)] Successfully saved creative set conversions
--------------------------------------------------------------------------------
[Jan 26, 2026 9:14:27.7 PM GMT:ERROR:creative_new_tab_page_ads_util.cc(158)] Successfully saved creative new tab page ads
[Jan 26, 2026 9:14:27.7 PM GMT:ERROR:creative_new_tab_page_ads_util.cc(143)] Successfully saved creative set conversions
--------------------------------------------------------------------------------
[Jan 27, 2026 12:22:01.2 AM GMT:ERROR:creative_new_tab_page_ads_util.cc(158)] Successfully saved creative new tab page ads
[Jan 27, 2026 12:22:01.2 AM GMT:ERROR:creative_new_tab_page_ads_util.cc(143)] Successfully saved creative set conversions
--------------------------------------------------------------------------------
[Jan 27, 2026 6:57:28.4 AM GMT:ERROR:creative_new_tab_page_ads_util.cc(158)] Successfully saved creative new tab page ads
[Jan 27, 2026 6:57:28.4 AM GMT:ERROR:creative_new_tab_page_ads_util.cc(143)] Successfully saved creative set conversions
--------------------------------------------------------------------------------
[Jan 27, 2026 1:26:15.1 PM GMT:ERROR:creative_new_tab_page_ads_util.cc(158)] Successfully saved creative new tab page ads
[Jan 27, 2026 1:26:15.1 PM GMT:ERROR:creative_new_tab_page_ads_util.cc(143)] Successfully saved creative set conversions
--------------------------------------------------------------------------------
[Jan 27, 2026 2:05:56.8 PM GMT:ERROR:creative_new_tab_page_ads_util.cc(158)] Successfully saved creative new tab page ads
[Jan 27, 2026 2:05:56.8 PM GMT:ERROR:creative_new_tab_page_ads_util.cc(143)] Successfully saved creative set conversions
--------------------------------------------------------------------------------
[Jan 28, 2026 2:44:55.0 AM GMT:ERROR:creative_new_tab_page_ads_util.cc(158)] Successfully saved creative new tab page ads
[Jan 28, 2026 2:44:55.0 AM GMT:ERROR:creative_new_tab_page_ads_util.cc(143)] Successfully saved creative set conversions
--------------------------------------------------------------------------------
[Jan 28, 2026 2:47:57.6 AM GMT:ERROR:creative_new_tab_page_ads_util.cc(158)] Successfully saved creative new tab page ads
[Jan 28, 2026 2:47:57.6 AM GMT:ERROR:creative_new_tab_page_ads_util.cc(143)] Successfully saved creative set conversions
--------------------------------------------------------------------------------
[Jan 28, 2026 2:48:33.5 AM GMT:ERROR:creative_new_tab_page_ads_util.cc(158)] Successfully saved creative new tab page ads
[Jan 28, 2026 2:48:33.5 AM GMT:ERROR:creative_new_tab_page_ads_util.cc(143)] Successfully saved creative set conversions
--------------------------------------------------------------------------------
[Jan 28, 2026 3:10:11.0 AM GMT:ERROR:creative_new_tab_page_ads_util.cc(158)] Successfully saved creative new tab page ads
[Jan 28, 2026 3:10:11.0 AM GMT:ERROR:creative_new_tab_page_ads_util.cc(143)] Successfully saved creative set conversions
--------------------------------------------------------------------------------
[Jan 28, 2026 3:10:45.4 AM GMT:ERROR:creative_new_tab_page_ads_util.cc(158)] Successfully saved creative new tab page ads
[Jan 28, 2026 3:10:45.4 AM GMT:ERROR:creative_new_tab_page_ads_util.cc(143)] Successfully saved creative set conversions
--------------------------------------------------------------------------------
[Jan 28, 2026 3:16:31.6 AM GMT:ERROR:creative_new_tab_page_ads_util.cc(158)] Successfully saved creative new tab page ads
[Jan 28, 2026 3:16:31.6 AM GMT:ERROR:creative_new_tab_page_ads_util.cc(143)] Successfully saved creative set conversions
--------------------------------------------------------------------------------
[Jan 28, 2026 3:38:45.3 AM GMT:ERROR:creative_new_tab_page_ads_util.cc(158)] Successfully saved creative new tab page ads
[Jan 28, 2026 3:38:45.3 AM GMT:ERROR:creative_new_tab_page_ads_util.cc(143)] Successfully saved creative set conversions
--------------------------------------------------------------------------------
[Jan 28, 2026 5:31:31.9 AM GMT:ERROR:creative_new_tab_page_ads_util.cc(158)] Successfully saved creative new tab page ads
[Jan 28, 2026 5:31:31.9 AM GMT:ERROR:creative_new_tab_page_ads_util.cc(143)] Successfully saved creative set conversions
[Jan 28, 2026 5:31:38.9 AM GMT:ERROR:creative_new_tab_page_ads_util.cc(158)] Successfully saved creative new tab page ads
[Jan 28, 2026 5:31:38.9 AM GMT:ERROR:creative_new_tab_page_ads_util.cc(143)] Successfully saved creative set conversions
--------------------------------------------------------------------------------
[Jan 28, 2026 6:21:24.6 AM GMT:ERROR:creative_new_tab_page_ads_util.cc(158)] Successfully saved creative new tab page ads
[Jan 28, 2026 6:21:24.6 AM GMT:ERROR:creative_new_tab_page_ads_util.cc(143)] Successfully saved creative set conversions
--------------------------------------------------------------------------------
[Jan 29, 2026 12:26:48.9 AM GMT:ERROR:creative_new_tab_page_ads_util.cc(158)] Successfully saved creative new tab page ads
[Jan 29, 2026 12:26:48.9 AM GMT:ERROR:creative_new_tab_page_ads_util.cc(143)] Successfully saved creative set conversions
--------------------------------------------------------------------------------
[Jan 29, 2026 12:30:40.7 AM GMT:ERROR:creative_new_tab_page_ads_util.cc(158)] Successfully saved creative new tab page ads
[Jan 29, 2026 12:30:40.7 AM GMT:ERROR:creative_new_tab_page_ads_util.cc(143)] Successfully saved creative set conversions
--------------------------------------------------------------------------------
[Jan 29, 2026 3:43:26.9 AM GMT:ERROR:creative_new_tab_page_ads_util.cc(158)] Successfully saved creative new tab page ads
[Jan 29, 2026 3:43:26.9 AM GMT:ERROR:creative_new_tab_page_ads_util.cc(143)] Successfully saved creative set conversions
--------------------------------------------------------------------------------
[Jan 29, 2026 4:05:51.7 AM GMT:ERROR:creative_new_tab_page_ads_util.cc(158)] Successfully saved creative new tab page ads
[Jan 29, 2026 4:05:51.7 AM GMT:ERROR:creative_new_tab_page_ads_util.cc(143)] Successfully saved creative set conversions
--------------------------------------------------------------------------------
[Jan 29, 2026 4:05:55.0 AM GMT:ERROR:creative_new_tab_page_ads_util.cc(158)] Successfully saved creative new tab page ads
[Jan 29, 2026 4:05:55.0 AM GMT:ERROR:creative_new_tab_page_ads_util.cc(143)] Successfully saved creative set conversions
--------------------------------------------------------------------------------
[Jan 30, 2026 4:13:46.7 AM GMT:ERROR:creative_new_tab_page_ads_util.cc(158)] Successfully saved creative new tab page ads
[Jan 30, 2026 4:13:46.7 AM GMT:ERROR:creative_new_tab_page_ads_util.cc(143)] Successfully saved creative set conversions
[Jan 30, 2026 4:13:49.6 AM GMT:ERROR:creative_new_tab_page_ads_util.cc(158)] Successfully saved creative new tab page ads
[Jan 30, 2026 4:13:49.6 AM GMT:ERROR:creative_new_tab_page_ads_util.cc(143)] Successfully saved creative set conversions
[Jan 30, 2026 4:28:47.1 AM GMT:ERROR:creative_new_tab_page_ads_util.cc(158)] Successfully saved creative new tab page ads
[Jan 30, 2026 4:28:47.1 AM GMT:ERROR:creative_new_tab_page_ads_util.cc(143)] Successfully saved creative set conversions
--------------------------------------------------------------------------------
[Jan 30, 2026 4:44:15.0 AM GMT:ERROR:creative_new_tab_page_ads_util.cc(158)] Successfully saved creative new tab page ads
[Jan 30, 2026 4:44:15.0 AM GMT:ERROR:creative_new_tab_page_ads_util.cc(143)] Successfully saved creative set conversions
--------------------------------------------------------------------------------
[Jan 30, 2026 4:44:22.4 AM GMT:ERROR:creative_new_tab_page_ads_util.cc(158)] Successfully saved creative new tab page ads
[Jan 30, 2026 4:44:22.4 AM GMT:ERROR:creative_new_tab_page_ads_util.cc(143)] Successfully saved creative set conversions
--------------------------------------------------------------------------------
[Jan 30, 2026 4:47:33.5 AM GMT:ERROR:creative_new_tab_page_ads_util.cc(158)] Successfully saved creative new tab page ads
[Jan 30, 2026 4:47:33.5 AM GMT:ERROR:creative_new_tab_page_ads_util.cc(143)] Successfully saved creative set conversions
--------------------------------------------------------------------------------
[Jan 30, 2026 5:06:37.1 AM GMT:ERROR:creative_new_tab_page_ads_util.cc(158)] Successfully saved creative new tab page ads
[Jan 30, 2026 5:06:37.1 AM GMT:ERROR:creative_new_tab_page_ads_util.cc(143)] Successfully saved creative set conversions
--------------------------------------------------------------------------------
[Jan 30, 2026 5:12:23.9 AM GMT:ERROR:creative_new_tab_page_ads_util.cc(158)] Successfully saved creative new tab page ads
[Jan 30, 2026 5:12:23.9 AM GMT:ERROR:creative_new_tab_page_ads_util.cc(143)] Successfully saved creative set conversions
--------------------------------------------------------------------------------
[Jan 30, 2026 5:22:02.3 AM GMT:ERROR:creative_new_tab_page_ads_util.cc(158)] Successfully saved creative new tab page ads
[Jan 30, 2026 5:22:02.3 AM GMT:ERROR:creative_new_tab_page_ads_util.cc(143)] Successfully saved creative set conversions
--------------------------------------------------------------------------------
[Jan 30, 2026 6:25:40.5 AM GMT:ERROR:creative_new_tab_page_ads_util.cc(158)] Successfully saved creative new tab page ads
[Jan 30, 2026 6:25:40.5 AM GMT:ERROR:creative_new_tab_page_ads_util.cc(143)] Successfully saved creative set conversions
--------------------------------------------------------------------------------
[Jan 30, 2026 11:37:12.3 PM GMT:ERROR:creative_new_tab_page_ads_util.cc(158)] Successfully saved creative new tab page ads
[Jan 30, 2026 11:37:12.3 PM GMT:ERROR:creative_new_tab_page_ads_util.cc(143)] Successfully saved creative set conversions
[Jan 30, 2026 11:37:15.2 PM GMT:ERROR:creative_new_tab_page_ads_util.cc(158)] Successfully saved creative new tab page ads
[Jan 30, 2026 11:37:15.2 PM GMT:ERROR:creative_new_tab_page_ads_util.cc(143)] Successfully saved creative set conversions
--------------------------------------------------------------------------------
[Jan 31, 2026 3:04:34.1 AM GMT:ERROR:creative_new_tab_page_ads_util.cc(158)] Successfully saved creative new tab page ads
[Jan 31, 2026 3:04:34.1 AM GMT:ERROR:creative_new_tab_page_ads_util.cc(143)] Successfully saved creative set conversions
--------------------------------------------------------------------------------
[Jan 31, 2026 3:04:45.0 AM GMT:ERROR:creative_new_tab_page_ads_util.cc(158)] Successfully saved creative new tab page ads
[Jan 31, 2026 3:04:45.0 AM GMT:ERROR:creative_new_tab_page_ads_util.cc(143)] Successfully saved creative set conversions
--------------------------------------------------------------------------------
[Jan 31, 2026 3:06:10.7 AM GMT:ERROR:creative_new_tab_page_ads_util.cc(158)] Successfully saved creative new tab page ads
[Jan 31, 2026 3:06:10.7 AM GMT:ERROR:creative_new_tab_page_ads_util.cc(143)] Successfully saved creative set conversions
--------------------------------------------------------------------------------
[Jan 31, 2026 11:32:52.3 PM GMT:ERROR:creative_new_tab_page_ads_util.cc(158)] Successfully saved creative new tab page ads
[Jan 31, 2026 11:32:52.3 PM GMT:ERROR:creative_new_tab_page_ads_util.cc(143)] Successfully saved creative set conversions
[Jan 31, 2026 11:32:58.1 PM GMT:ERROR:creative_new_tab_page_ads_util.cc(158)] Successfully saved creative new tab page ads
[Jan 31, 2026 11:32:58.1 PM GMT:ERROR:creative_new_tab_page_ads_util.cc(143)] Successfully saved creative set conversions
--------------------------------------------------------------------------------
[Feb 01, 2026 12:10:13.7 AM GMT:ERROR:creative_new_tab_page_ads_util.cc(158)] Successfully saved creative new tab page ads
[Feb 01, 2026 12:10:13.7 AM GMT:ERROR:creative_new_tab_page_ads_util.cc(143)] Successfully saved creative set conversions
--------------------------------------------------------------------------------
[Feb 01, 2026 1:10:58.3 AM GMT:ERROR:creative_new_tab_page_ads_util.cc(158)] Successfully saved creative new tab page ads
[Feb 01, 2026 1:10:58.3 AM GMT:ERROR:creative_new_tab_page_ads_util.cc(143)] Successfully saved creative set conversions
--------------------------------------------------------------------------------
[Feb 01, 2026 2:25:59.9 AM GMT:ERROR:creative_new_tab_page_ads_util.cc(158)] Successfully saved creative new tab page ads
[Feb 01, 2026 2:25:59.9 AM GMT:ERROR:creative_new_tab_page_ads_util.cc(143)] Successfully saved creative set conversions
--------------------------------------------------------------------------------
[Feb 01, 2026 3:06:45.2 AM GMT:ERROR:creative_new_tab_page_ads_util.cc(158)] Successfully saved creative new tab page ads
[Feb 01, 2026 3:06:45.2 AM GMT:ERROR:creative_new_tab_page_ads_util.cc(143)] Successfully saved creative set conversions
--------------------------------------------------------------------------------
[Feb 01, 2026 3:16:21.9 AM GMT:ERROR:creative_new_tab_page_ads_util.cc(158)] Successfully saved creative new tab page ads
[Feb 01, 2026 3:16:21.9 AM GMT:ERROR:creative_new_tab_page_ads_util.cc(143)] Successfully saved creative set conversions
--------------------------------------------------------------------------------
[Feb 01, 2026 3:21:26.0 AM GMT:ERROR:creative_new_tab_page_ads_util.cc(158)] Successfully saved creative new tab page ads
[Feb 01, 2026 3:21:26.0 AM GMT:ERROR:creative_new_tab_page_ads_util.cc(143)] Successfully saved creative set conversions
--------------------------------------------------------------------------------
[Feb 01, 2026 3:55:45.0 AM GMT:ERROR:creative_new_tab_page_ads_util.cc(158)] Successfully saved creative new tab page ads
[Feb 01, 2026 3:55:45.0 AM GMT:ERROR:creative_new_tab_page_ads_util.cc(143)] Successfully saved creative set conversions
--------------------------------------------------------------------------------
[Feb 01, 2026 4:26:51.8 AM GMT:ERROR:creative_new_tab_page_ads_util.cc(158)] Successfully saved creative new tab page ads
[Feb 01, 2026 4:26:51.8 AM GMT:ERROR:creative_new_tab_page_ads_util.cc(143)] Successfully saved creative set conversions
[Feb 01, 2026 4:26:55.5 AM GMT:ERROR:creative_new_tab_page_ads_util.cc(158)] Successfully saved creative new tab page ads
[Feb 01, 2026 4:26:55.5 AM GMT:ERROR:creative_new_tab_page_ads_util.cc(143)] Successfully saved creative set conversions
--------------------------------------------------------------------------------
[Feb 01, 2026 4:41:56.8 AM GMT:ERROR:creative_new_tab_page_ads_util.cc(158)] Successfully saved creative new tab page ads
[Feb 01, 2026 4:41:56.8 AM GMT:ERROR:creative_new_tab_page_ads_util.cc(143)] Successfully saved creative set conversions
--------------------------------------------------------------------------------
[Feb 01, 2026 5:33:14.9 AM GMT:ERROR:creative_new_tab_page_ads_util.cc(158)] Successfully saved creative new tab page ads
[Feb 01, 2026 5:33:14.9 AM GMT:ERROR:creative_new_tab_page_ads_util.cc(143)] Successfully saved creative set conversions
--------------------------------------------------------------------------------
[Feb 01, 2026 6:08:24.1 AM GMT:ERROR:creative_new_tab_page_ads_util.cc(158)] Successfully saved creative new tab page ads
[Feb 01, 2026 6:08:24.1 AM GMT:ERROR:creative_new_tab_page_ads_util.cc(143)] Successfully saved creative set conversions
--------------------------------------------------------------------------------
[Feb 01, 2026 6:12:38.2 AM GMT:ERROR:creative_new_tab_page_ads_util.cc(158)] Successfully saved creative new tab page ads
[Feb 01, 2026 6:12:38.2 AM GMT:ERROR:creative_new_tab_page_ads_util.cc(143)] Successfully saved creative set conversions
--------------------------------------------------------------------------------
[Feb 01, 2026 6:25:14.2 AM GMT:ERROR:creative_new_tab_page_ads_util.cc(158)] Successfully saved creative new tab page ads
[Feb 01, 2026 6:25:14.2 AM GMT:ERROR:creative_new_tab_page_ads_util.cc(143)] Successfully saved creative set conversions
--------------------------------------------------------------------------------
[Feb 01, 2026 6:35:20.3 PM GMT:ERROR:creative_new_tab_page_ads_util.cc(158)] Successfully saved creative new tab page ads
[Feb 01, 2026 6:35:20.3 PM GMT:ERROR:creative_new_tab_page_ads_util.cc(143)] Successfully saved creative set conversions
--------------------------------------------------------------------------------
[Feb 01, 2026 6:41:21.7 PM GMT:ERROR:creative_new_tab_page_ads_util.cc(158)] Successfully saved creative new tab page ads
[Feb 01, 2026 6:41:21.7 PM GMT:ERROR:creative_new_tab_page_ads_util.cc(143)] Successfully saved creative set conversions
--------------------------------------------------------------------------------
[Feb 01, 2026 6:41:48.5 PM GMT:ERROR:creative_new_tab_page_ads_util.cc(158)] Successfully saved creative new tab page ads
[Feb 01, 2026 6:41:48.5 PM GMT:ERROR:creative_new_tab_page_ads_util.cc(143)] Successfully saved creative set conversions
--------------------------------------------------------------------------------
[Feb 01, 2026 6:42:05.0 PM GMT:ERROR:creative_new_tab_page_ads_util.cc(158)] Successfully saved creative new tab page ads
[Feb 01, 2026 6:42:05.0 PM GMT:ERROR:creative_new_tab_page_ads_util.cc(143)] Successfully saved creative set conversions
--------------------------------------------------------------------------------
[Feb 01, 2026 6:48:49.9 PM GMT:ERROR:creative_new_tab_page_ads_util.cc(158)] Successfully saved creative new tab page ads
[Feb 01, 2026 6:48:49.9 PM GMT:ERROR:creative_new_tab_page_ads_util.cc(143)] Successfully saved creative set conversions
--------------------------------------------------------------------------------
[Feb 01, 2026 6:48:53.5 PM GMT:ERROR:creative_new_tab_page_ads_util.cc(158)] Successfully saved creative new tab page ads
[Feb 01, 2026 6:48:53.5 PM GMT:ERROR:creative_new_tab_page_ads_util.cc(143)] Successfully saved creative set conversions
--------------------------------------------------------------------------------
[Feb 01, 2026 7:03:20.6 PM GMT:ERROR:creative_new_tab_page_ads_util.cc(158)] Successfully saved creative new tab page ads
[Feb 01, 2026 7:03:20.6 PM GMT:ERROR:creative_new_tab_page_ads_util.cc(143)] Successfully saved creative set conversions
--------------------------------------------------------------------------------
[Feb 01, 2026 11:08:59.0 PM GMT:ERROR:creative_new_tab_page_ads_util.cc(158)] Successfully saved creative new tab page ads
[Feb 01, 2026 11:08:59.0 PM GMT:ERROR:creative_new_tab_page_ads_util.cc(143)] Successfully saved creative set conversions
--------------------------------------------------------------------------------
[Feb 01, 2026 11:44:05.8 PM GMT:ERROR:creative_new_tab_page_ads_util.cc(158)] Successfully saved creative new tab page ads
[Feb 01, 2026 11:44:05.8 PM GMT:ERROR:creative_new_tab_page_ads_util.cc(143)] Successfully saved creative set conversions
--------------------------------------------------------------------------------
[Feb 01, 2026 11:49:52.4 PM GMT:ERROR:creative_new_tab_page_ads_util.cc(158)] Successfully saved creative new tab page ads
[Feb 01, 2026 11:49:52.4 PM GMT:ERROR:creative_new_tab_page_ads_util.cc(143)] Successfully saved creative set conversions
--------------------------------------------------------------------------------
[Feb 01, 2026 11:53:19.2 PM GMT:ERROR:creative_new_tab_page_ads_util.cc(158)] Successfully saved creative new tab page ads
[Feb 01, 2026 11:53:19.2 PM GMT:ERROR:creative_new_tab_page_ads_util.cc(143)] Successfully saved creative set conversions
--------------------------------------------------------------------------------
[Feb 02, 2026 3:08:28.5 AM GMT:ERROR:creative_new_tab_page_ads_util.cc(158)] Successfully saved creative new tab page ads
[Feb 02, 2026 3:08:28.5 AM GMT:ERROR:creative_new_tab_page_ads_util.cc(143)] Successfully saved creative set conversions
--------------------------------------------------------------------------------
[Feb 02, 2026 3:51:10.3 AM GMT:ERROR:creative_new_tab_page_ads_util.cc(158)] Successfully saved creative new tab page ads
[Feb 02, 2026 3:51:10.3 AM GMT:ERROR:creative_new_tab_page_ads_util.cc(143)] Successfully saved creative set conversions
--------------------------------------------------------------------------------
[Feb 02, 2026 4:01:13.8 AM GMT:ERROR:creative_new_tab_page_ads_util.cc(158)] Successfully saved creative new tab page ads
[Feb 02, 2026 4:01:13.8 AM GMT:ERROR:creative_new_tab_page_ads_util.cc(143)] Successfully saved creative set conversions
--------------------------------------------------------------------------------
[Feb 02, 2026 4:04:21.3 AM GMT:ERROR:creative_new_tab_page_ads_util.cc(158)] Successfully saved creative new tab page ads
[Feb 02, 2026 4:04:21.3 AM GMT:ERROR:creative_new_tab_page_ads_util.cc(143)] Successfully saved creative set conversions
--------------------------------------------------------------------------------
[Feb 02, 2026 4:05:23.1 AM GMT:ERROR:creative_new_tab_page_ads_util.cc(158)] Successfully saved creative new tab page ads
[Feb 02, 2026 4:05:23.1 AM GMT:ERROR:creative_new_tab_page_ads_util.cc(143)] Successfully saved creative set conversions
--------------------------------------------------------------------------------
[Feb 02, 2026 4:23:21.2 AM GMT:ERROR:creative_new_tab_page_ads_util.cc(158)] Successfully saved creative new tab page ads
[Feb 02, 2026 4:23:21.2 AM GMT:ERROR:creative_new_tab_page_ads_util.cc(143)] Successfully saved creative set conversions
[Feb 02, 2026 4:23:26.0 AM GMT:ERROR:creative_new_tab_page_ads_util.cc(158)] Successfully saved creative new tab page ads
[Feb 02, 2026 4:23:26.0 AM GMT:ERROR:creative_new_tab_page_ads_util.cc(143)] Successfully saved creative set conversions
--------------------------------------------------------------------------------
[Feb 02, 2026 4:53:27.7 AM GMT:ERROR:creative_new_tab_page_ads_util.cc(158)] Successfully saved creative new tab page ads
[Feb 02, 2026 4:53:27.7 AM GMT:ERROR:creative_new_tab_page_ads_util.cc(143)] Successfully saved creative set conversions
--------------------------------------------------------------------------------
[Feb 02, 2026 4:58:27.9 AM GMT:ERROR:creative_new_tab_page_ads_util.cc(158)] Successfully saved creative new tab page ads
[Feb 02, 2026 4:58:27.9 AM GMT:ERROR:creative_new_tab_page_ads_util.cc(143)] Successfully saved creative set conversions
--------------------------------------------------------------------------------
[Feb 02, 2026 5:19:41.1 AM GMT:ERROR:creative_new_tab_page_ads_util.cc(158)] Successfully saved creative new tab page ads
[Feb 02, 2026 5:19:41.1 AM GMT:ERROR:creative_new_tab_page_ads_util.cc(143)] Successfully saved creative set conversions
--------------------------------------------------------------------------------
[Feb 05, 2026 4:20:11.8 AM GMT:ERROR:creative_new_tab_page_ads_util.cc(158)] Successfully saved creative new tab page ads
[Feb 05, 2026 4:20:11.8 AM GMT:ERROR:creative_new_tab_page_ads_util.cc(143)] Successfully saved creative set conversions
[Feb 05, 2026 4:20:19.4 AM GMT:ERROR:creative_new_tab_page_ads_util.cc(158)] Successfully saved creative new tab page ads
[Feb 05, 2026 4:20:19.4 AM GMT:ERROR:creative_new_tab_page_ads_util.cc(143)] Successfully saved creative set conversions
--------------------------------------------------------------------------------
[Feb 07, 2026 1:54:13.5 AM GMT:ERROR:creative_new_tab_page_ads_util.cc(158)] Successfully saved creative new tab page ads
[Feb 07, 2026 1:54:13.5 AM GMT:ERROR:creative_new_tab_page_ads_util.cc(143)] Successfully saved creative set conversions
[Feb 07, 2026 1:54:19.3 AM GMT:ERROR:creative_new_tab_page_ads_util.cc(158)] Successfully saved creative new tab page ads
[Feb 07, 2026 1:54:19.3 AM GMT:ERROR:creative_new_tab_page_ads_util.cc(143)] Successfully saved creative set conversions
[Feb 07, 2026 4:24:15.0 AM GMT:ERROR:creative_new_tab_page_ads_util.cc(158)] Successfully saved creative new tab page ads
[Feb 07, 2026 4:24:15.0 AM GMT:ERROR:creative_new_tab_page_ads_util.cc(143)] Successfully saved creative set conversions
--------------------------------------------------------------------------------
[Feb 07, 2026 4:13:55.0 PM GMT:ERROR:creative_new_tab_page_ads_util.cc(158)] Successfully saved creative new tab page ads
[Feb 07, 2026 4:13:55.0 PM GMT:ERROR:creative_new_tab_page_ads_util.cc(143)] Successfully saved creative set conversions
--------------------------------------------------------------------------------
[Feb 07, 2026 6:06:30.3 PM GMT:ERROR:creative_new_tab_page_ads_util.cc(158)] Successfully saved creative new tab page ads
[Feb 07, 2026 6:06:30.3 PM GMT:ERROR:creative_new_tab_page_ads_util.cc(143)] Successfully saved creative set conversions
--------------------------------------------------------------------------------
[Feb 07, 2026 6:48:52.6 PM GMT:ERROR:creative_new_tab_page_ads_util.cc(158)] Successfully saved creative new tab page ads
[Feb 07, 2026 6:48:52.6 PM GMT:ERROR:creative_new_tab_page_ads_util.cc(143)] Successfully saved creative set conversions
--------------------------------------------------------------------------------
[Feb 07, 2026 7:03:23.9 PM GMT:ERROR:creative_new_tab_page_ads_util.cc(158)] Successfully saved creative new tab page ads
[Feb 07, 2026 7:03:23.9 PM GMT:ERROR:creative_new_tab_page_ads_util.cc(143)] Successfully saved creative set conversions
--------------------------------------------------------------------------------
[Feb 07, 2026 7:13:54.0 PM GMT:ERROR:creative_new_tab_page_ads_util.cc(158)] Successfully saved creative new tab page ads
[Feb 07, 2026 7:13:54.0 PM GMT:ERROR:creative_new_tab_page_ads_util.cc(143)] Successfully saved creative set conversions
--------------------------------------------------------------------------------
[Feb 07, 2026 7:15:26.1 PM GMT:ERROR:creative_new_tab_page_ads_util.cc(158)] Successfully saved creative new tab page ads
[Feb 07, 2026 7:15:26.2 PM GMT:ERROR:creative_new_tab_page_ads_util.cc(143)] Successfully saved creative set conversions
--------------------------------------------------------------------------------
[Feb 07, 2026 7:36:27.7 PM GMT:ERROR:creative_new_tab_page_ads_util.cc(158)] Successfully saved creative new tab page ads
[Feb 07, 2026 7:36:27.7 PM GMT:ERROR:creative_new_tab_page_ads_util.cc(143)] Successfully saved creative set conversions
--------------------------------------------------------------------------------
[Feb 08, 2026 12:02:39.4 AM GMT:ERROR:creative_new_tab_page_ads_util.cc(158)] Successfully saved creative new tab page ads
[Feb 08, 2026 12:02:39.4 AM GMT:ERROR:creative_new_tab_page_ads_util.cc(143)] Successfully saved creative set conversions
[Feb 08, 2026 4:17:39.9 AM GMT:ERROR:creative_new_tab_page_ads_util.cc(158)] Successfully saved creative new tab page ads
[Feb 08, 2026 4:17:39.9 AM GMT:ERROR:creative_new_tab_page_ads_util.cc(143)] Successfully saved creative set conversions
--------------------------------------------------------------------------------
[Feb 08, 2026 4:08:10.4 PM GMT:ERROR:creative_new_tab_page_ads_util.cc(158)] Successfully saved creative new tab page ads
[Feb 08, 2026 4:08:10.4 PM GMT:ERROR:creative_new_tab_page_ads_util.cc(143)] Successfully saved creative set conversions
--------------------------------------------------------------------------------
[Feb 08, 2026 4:10:29.0 PM GMT:ERROR:creative_new_tab_page_ads_util.cc(158)] Successfully saved creative new tab page ads
[Feb 08, 2026 4:10:29.0 PM GMT:ERROR:creative_new_tab_page_ads_util.cc(143)] Successfully saved creative set conversions
--------------------------------------------------------------------------------
[Feb 08, 2026 4:21:13.9 PM GMT:ERROR:creative_new_tab_page_ads_util.cc(158)] Successfully saved creative new tab page ads
[Feb 08, 2026 4:21:13.9 PM GMT:ERROR:creative_new_tab_page_ads_util.cc(143)] Successfully saved creative set conversions
